2023-07-27 00:06:45.893  INFO 8128 --- [scheduling-1] c.o.service.impl.CacheServiceImpl        : clear all cache...
2023-07-27 00:16:45.890  INFO 8128 --- [scheduling-1] c.o.service.impl.CacheServiceImpl        : clear all cache...
2023-07-27 00:26:45.890  INFO 8128 --- [scheduling-1] c.o.service.impl.CacheServiceImpl        : clear all cache...
2023-07-27 00:36:45.886  INFO 8128 --- [scheduling-1] c.o.service.impl.CacheServiceImpl        : clear all cache...
2023-07-27 00:46:45.891  INFO 8128 --- [scheduling-1] c.o.service.impl.CacheServiceImpl        : clear all cache...
2023-07-27 00:56:45.887  INFO 8128 --- [scheduling-1] c.o.service.impl.CacheServiceImpl        : clear all cache...
2023-07-27 01:06:45.885  INFO 8128 --- [scheduling-1] c.o.service.impl.CacheServiceImpl        : clear all cache...
2023-07-27 01:16:45.883  INFO 8128 --- [scheduling-1] c.o.service.impl.CacheServiceImpl        : clear all cache...
2023-07-27 01:26:45.893  INFO 8128 --- [scheduling-1] c.o.service.impl.CacheServiceImpl        : clear all cache...
2023-07-27 01:36:45.885  INFO 8128 --- [scheduling-1] c.o.service.impl.CacheServiceImpl        : clear all cache...
2023-07-27 01:46:45.891  INFO 8128 --- [scheduling-1] c.o.service.impl.CacheServiceImpl        : clear all cache...
2023-07-27 01:56:45.885  INFO 8128 --- [scheduling-1] c.o.service.impl.CacheServiceImpl        : clear all cache...
2023-07-27 02:06:45.889  INFO 8128 --- [scheduling-1] c.o.service.impl.CacheServiceImpl        : clear all cache...
2023-07-27 02:16:45.880  INFO 8128 --- [scheduling-1] c.o.service.impl.CacheServiceImpl        : clear all cache...
2023-07-27 02:26:45.880  INFO 8128 --- [scheduling-1] c.o.service.impl.CacheServiceImpl        : clear all cache...
2023-07-27 02:36:45.888  INFO 8128 --- [scheduling-1] c.o.service.impl.CacheServiceImpl        : clear all cache...
2023-07-27 02:46:45.889  INFO 8128 --- [scheduling-1] c.o.service.impl.CacheServiceImpl        : clear all cache...
2023-07-27 02:56:45.889  INFO 8128 --- [scheduling-1] c.o.service.impl.CacheServiceImpl        : clear all cache...
2023-07-27 03:06:45.884  INFO 8128 --- [scheduling-1] c.o.service.impl.CacheServiceImpl        : clear all cache...
2023-07-27 03:16:45.886  INFO 8128 --- [scheduling-1] c.o.service.impl.CacheServiceImpl        : clear all cache...
2023-07-27 03:26:45.886  INFO 8128 --- [scheduling-1] c.o.service.impl.CacheServiceImpl        : clear all cache...
2023-07-27 03:36:45.880  INFO 8128 --- [scheduling-1] c.o.service.impl.CacheServiceImpl        : clear all cache...
2023-07-27 03:46:45.879  INFO 8128 --- [scheduling-1] c.o.service.impl.CacheServiceImpl        : clear all cache...
2023-07-27 03:56:45.886  INFO 8128 --- [scheduling-1] c.o.service.impl.CacheServiceImpl        : clear all cache...
2023-07-27 04:06:45.881  INFO 8128 --- [scheduling-1] c.o.service.impl.CacheServiceImpl        : clear all cache...
2023-07-27 04:16:45.875  INFO 8128 --- [scheduling-1] c.o.service.impl.CacheServiceImpl        : clear all cache...
2023-07-27 04:26:45.879  INFO 8128 --- [scheduling-1] c.o.service.impl.CacheServiceImpl        : clear all cache...
2023-07-27 04:36:45.879  INFO 8128 --- [scheduling-1] c.o.service.impl.CacheServiceImpl        : clear all cache...
2023-07-27 04:46:45.870  INFO 8128 --- [scheduling-1] c.o.service.impl.CacheServiceImpl        : clear all cache...
2023-07-27 04:56:45.875  INFO 8128 --- [scheduling-1] c.o.service.impl.CacheServiceImpl        : clear all cache...
2023-07-27 05:06:45.878  INFO 8128 --- [scheduling-1] c.o.service.impl.CacheServiceImpl        : clear all cache...
2023-07-27 05:16:45.876  INFO 8128 --- [scheduling-1] c.o.service.impl.CacheServiceImpl        : clear all cache...
2023-07-27 05:26:45.868  INFO 8128 --- [scheduling-1] c.o.service.impl.CacheServiceImpl        : clear all cache...
2023-07-27 05:36:45.870  INFO 8128 --- [scheduling-1] c.o.service.impl.CacheServiceImpl        : clear all cache...
2023-07-27 05:46:45.864  INFO 8128 --- [scheduling-1] c.o.service.impl.CacheServiceImpl        : clear all cache...
2023-07-27 05:56:45.863  INFO 8128 --- [scheduling-1] c.o.service.impl.CacheServiceImpl        : clear all cache...
2023-07-27 06:06:45.871  INFO 8128 --- [scheduling-1] c.o.service.impl.CacheServiceImpl        : clear all cache...
2023-07-27 06:16:45.862  INFO 8128 --- [scheduling-1] c.o.service.impl.CacheServiceImpl        : clear all cache...
2023-07-27 06:26:45.873  INFO 8128 --- [scheduling-1] c.o.service.impl.CacheServiceImpl        : clear all cache...
2023-07-27 06:36:45.870  INFO 8128 --- [scheduling-1] c.o.service.impl.CacheServiceImpl        : clear all cache...
2023-07-27 06:46:45.860  INFO 8128 --- [scheduling-1] c.o.service.impl.CacheServiceImpl        : clear all cache...
2023-07-27 06:56:45.858  INFO 8128 --- [scheduling-1] c.o.service.impl.CacheServiceImpl        : clear all cache...
2023-07-27 07:06:45.865  INFO 8128 --- [scheduling-1] c.o.service.impl.CacheServiceImpl        : clear all cache...
2023-07-27 07:16:45.867  INFO 8128 --- [scheduling-1] c.o.service.impl.CacheServiceImpl        : clear all cache...
2023-07-27 07:26:45.861  INFO 8128 --- [scheduling-1] c.o.service.impl.CacheServiceImpl        : clear all cache...
2023-07-27 07:36:45.858  INFO 8128 --- [scheduling-1] c.o.service.impl.CacheServiceImpl        : clear all cache...
2023-07-27 07:46:45.862  INFO 8128 --- [scheduling-1] c.o.service.impl.CacheServiceImpl        : clear all cache...
2023-07-27 07:56:45.868  INFO 8128 --- [scheduling-1] c.o.service.impl.CacheServiceImpl        : clear all cache...
2023-07-27 08:06:45.860  INFO 8128 --- [scheduling-1] c.o.service.impl.CacheServiceImpl        : clear all cache...
2023-07-27 08:16:45.856  INFO 8128 --- [scheduling-1] c.o.service.impl.CacheServiceImpl        : clear all cache...
2023-07-27 08:26:45.863  INFO 8128 --- [scheduling-1] c.o.service.impl.CacheServiceImpl        : clear all cache...
2023-07-27 08:36:45.858  INFO 8128 --- [scheduling-1] c.o.service.impl.CacheServiceImpl        : clear all cache...
2023-07-27 08:46:45.856  INFO 8128 --- [scheduling-1] c.o.service.impl.CacheServiceImpl        : clear all cache...
2023-07-27 08:56:45.852  INFO 8128 --- [scheduling-1] c.o.service.impl.CacheServiceImpl        : clear all cache...
2023-07-27 09:06:45.861  INFO 8128 --- [scheduling-1] c.o.service.impl.CacheServiceImpl        : clear all cache...
2023-07-27 09:16:45.857  INFO 8128 --- [scheduling-1] c.o.service.impl.CacheServiceImpl        : clear all cache...
2023-07-27 09:26:45.849  INFO 8128 --- [scheduling-1] c.o.service.impl.CacheServiceImpl        : clear all cache...
2023-07-27 09:36:45.854  INFO 8128 --- [scheduling-1] c.o.service.impl.CacheServiceImpl        : clear all cache...
2023-07-27 09:46:45.850  INFO 8128 --- [scheduling-1] c.o.service.impl.CacheServiceImpl        : clear all cache...
2023-07-27 09:56:45.850  INFO 8128 --- [scheduling-1] c.o.service.impl.CacheServiceImpl        : clear all cache...
2023-07-27 10:06:45.846  INFO 8128 --- [scheduling-1] c.o.service.impl.CacheServiceImpl        : clear all cache...
2023-07-27 10:16:45.856  INFO 8128 --- [scheduling-1] c.o.service.impl.CacheServiceImpl        : clear all cache...
2023-07-27 10:23:00.590  INFO 8128 --- [SpringApplicationShutdownHook] j.LocalContainerEntityManagerFactoryBean : Closing JPA EntityManagerFactory for persistence unit 'default'
2023-07-27 10:23:00.594  INFO 8128 --- [SpringApplicationShutdownHook] .SchemaDropperImpl$DelayedDropActionImpl : HHH000477: Starting delayed evictData of schema as part of SessionFactory shut-down'
2023-07-27 10:23:00.606  INFO 8128 --- [SpringApplicationShutdownHook] com.zaxxer.hikari.HikariDataSource       : HikariPool-1 - Shutdown initiated...
2023-07-27 10:23:00.609  INFO 8128 --- [SpringApplicationShutdownHook] com.zaxxer.hikari.HikariDataSource       : HikariPool-1 - Shutdown completed.
2023-07-27 10:23:05.739  INFO 6884 --- [main] com.otunctan.RedisCacheAppApplication    : Starting RedisCacheAppApplication using Java 1.8.0_202 on IB00C0848 with PID 6884 (C:\workspace\my-dev\redis-cache-app\target\classes started by ozay.tunctan in C:\workspace\my-dev\redis-cache-app)
2023-07-27 10:23:05.741  INFO 6884 --- [main] com.otunctan.RedisCacheAppApplication    : No active profile set, falling back to 1 default profile: "default"
2023-07-27 10:23:06.379  INFO 6884 --- [main] .s.d.r.c.RepositoryConfigurationDelegate : Multiple Spring Data modules found, entering strict repository configuration mode
2023-07-27 10:23:06.379  INFO 6884 --- [main] .s.d.r.c.RepositoryConfigurationDelegate : Bootstrapping Spring Data JPA repositories in DEFAULT mode.
2023-07-27 10:23:06.442  INFO 6884 --- [main] .s.d.r.c.RepositoryConfigurationDelegate : Finished Spring Data repository scanning in 54 ms. Found 1 JPA repository interfaces.
2023-07-27 10:23:06.456  INFO 6884 --- [main] .s.d.r.c.RepositoryConfigurationDelegate : Multiple Spring Data modules found, entering strict repository configuration mode
2023-07-27 10:23:06.458  INFO 6884 --- [main] .s.d.r.c.RepositoryConfigurationDelegate : Bootstrapping Spring Data Redis repositories in DEFAULT mode.
2023-07-27 10:23:06.473  INFO 6884 --- [main] .RepositoryConfigurationExtensionSupport : Spring Data Redis - Could not safely identify store assignment for repository candidate interface com.otunctan.repository.EmployeeRepository; If you want this repository to be a Redis repository, consider annotating your entities with one of these annotations: org.springframework.data.redis.core.RedisHash (preferred), or consider extending one of the following types with your repository: org.springframework.data.keyvalue.repository.KeyValueRepository
2023-07-27 10:23:06.474  INFO 6884 --- [main] .s.d.r.c.RepositoryConfigurationDelegate : Finished Spring Data repository scanning in 9 ms. Found 0 Redis repository interfaces.
2023-07-27 10:23:06.884  INFO 6884 --- [main] o.s.b.w.embedded.tomcat.TomcatWebServer  : Tomcat initialized with port(s): 9999 (http)
2023-07-27 10:23:06.890  INFO 6884 --- [main] o.apache.catalina.core.StandardService   : Starting service [Tomcat]
2023-07-27 10:23:06.890  INFO 6884 --- [main] org.apache.catalina.core.StandardEngine  : Starting Servlet engine: [Apache Tomcat/9.0.76]
2023-07-27 10:23:07.134  INFO 6884 --- [main] o.a.c.c.C.[Tomcat].[localhost].[/]       : Initializing Spring embedded WebApplicationContext
2023-07-27 10:23:07.134  INFO 6884 --- [main] w.s.c.ServletWebServerApplicationContext : Root WebApplicationContext: initialization completed in 1346 ms
2023-07-27 10:23:07.155  INFO 6884 --- [main] com.zaxxer.hikari.HikariDataSource       : HikariPool-1 - Starting...
2023-07-27 10:23:07.311  INFO 6884 --- [main] com.zaxxer.hikari.HikariDataSource       : HikariPool-1 - Start completed.
2023-07-27 10:23:07.321  INFO 6884 --- [main] o.s.b.a.h2.H2ConsoleAutoConfiguration    : H2 console available at '/h2'. Database available at 'jdbc:h2:mem:test'
2023-07-27 10:23:07.457  INFO 6884 --- [main] o.hibernate.jpa.internal.util.LogHelper  : HHH000204: Processing PersistenceUnitInfo [name: default]
2023-07-27 10:23:07.496  INFO 6884 --- [main] org.hibernate.Version                    : HHH000412: Hibernate ORM core version 5.6.15.Final
2023-07-27 10:23:07.633  INFO 6884 --- [main] o.hibernate.annotations.common.Version   : HCANN000001: Hibernate Commons Annotations {5.1.2.Final}
2023-07-27 10:23:07.733  INFO 6884 --- [main] org.hibernate.dialect.Dialect            : HHH000400: Using dialect: org.hibernate.dialect.H2Dialect
2023-07-27 10:23:08.199  INFO 6884 --- [main] o.h.e.t.j.p.i.JtaPlatformInitiator       : HHH000490: Using JtaPlatform implementation: [org.hibernate.engine.transaction.jta.platform.internal.NoJtaPlatform]
2023-07-27 10:23:08.209  INFO 6884 --- [main] j.LocalContainerEntityManagerFactoryBean : Initialized JPA EntityManagerFactory for persistence unit 'default'
2023-07-27 10:23:08.707  WARN 6884 --- [main] JpaBaseConfiguration$JpaWebConfiguration : spring.jpa.open-in-view is enabled by default. Therefore, database queries may be performed during view rendering. Explicitly configure spring.jpa.open-in-view to disable this warning
2023-07-27 10:23:09.045  INFO 6884 --- [main] o.s.b.w.embedded.tomcat.TomcatWebServer  : Tomcat started on port(s): 9999 (http) with context path ''
2023-07-27 10:23:09.055  INFO 6884 --- [main] com.otunctan.RedisCacheAppApplication    : Started RedisCacheAppApplication in 3.665 seconds (JVM running for 4.779)
2023-07-27 10:23:09.176  INFO 6884 --- [scheduling-1] c.o.service.impl.CacheServiceImpl        : clear all cache...
2023-07-27 10:23:28.574  INFO 6884 --- [SpringApplicationShutdownHook] j.LocalContainerEntityManagerFactoryBean : Closing JPA EntityManagerFactory for persistence unit 'default'
2023-07-27 10:23:28.575  INFO 6884 --- [SpringApplicationShutdownHook] .SchemaDropperImpl$DelayedDropActionImpl : HHH000477: Starting delayed evictData of schema as part of SessionFactory shut-down'
2023-07-27 10:23:28.580  INFO 6884 --- [SpringApplicationShutdownHook] com.zaxxer.hikari.HikariDataSource       : HikariPool-1 - Shutdown initiated...
2023-07-27 10:23:28.583  INFO 6884 --- [SpringApplicationShutdownHook] com.zaxxer.hikari.HikariDataSource       : HikariPool-1 - Shutdown completed.
2023-07-27 10:23:32.008  INFO 9476 --- [main] com.otunctan.RedisCacheAppApplication    : Starting RedisCacheAppApplication using Java 1.8.0_202 on IB00C0848 with PID 9476 (C:\workspace\my-dev\redis-cache-app\target\classes started by ozay.tunctan in C:\workspace\my-dev\redis-cache-app)
2023-07-27 10:23:32.011  INFO 9476 --- [main] com.otunctan.RedisCacheAppApplication    : No active profile set, falling back to 1 default profile: "default"
2023-07-27 10:23:32.643  INFO 9476 --- [main] .s.d.r.c.RepositoryConfigurationDelegate : Multiple Spring Data modules found, entering strict repository configuration mode
2023-07-27 10:23:32.643  INFO 9476 --- [main] .s.d.r.c.RepositoryConfigurationDelegate : Bootstrapping Spring Data JPA repositories in DEFAULT mode.
2023-07-27 10:23:32.707  INFO 9476 --- [main] .s.d.r.c.RepositoryConfigurationDelegate : Finished Spring Data repository scanning in 56 ms. Found 1 JPA repository interfaces.
2023-07-27 10:23:32.721  INFO 9476 --- [main] .s.d.r.c.RepositoryConfigurationDelegate : Multiple Spring Data modules found, entering strict repository configuration mode
2023-07-27 10:23:32.723  INFO 9476 --- [main] .s.d.r.c.RepositoryConfigurationDelegate : Bootstrapping Spring Data Redis repositories in DEFAULT mode.
2023-07-27 10:23:32.738  INFO 9476 --- [main] .RepositoryConfigurationExtensionSupport : Spring Data Redis - Could not safely identify store assignment for repository candidate interface com.otunctan.repository.EmployeeRepository; If you want this repository to be a Redis repository, consider annotating your entities with one of these annotations: org.springframework.data.redis.core.RedisHash (preferred), or consider extending one of the following types with your repository: org.springframework.data.keyvalue.repository.KeyValueRepository
2023-07-27 10:23:32.739  INFO 9476 --- [main] .s.d.r.c.RepositoryConfigurationDelegate : Finished Spring Data repository scanning in 9 ms. Found 0 Redis repository interfaces.
2023-07-27 10:23:33.152  INFO 9476 --- [main] o.s.b.w.embedded.tomcat.TomcatWebServer  : Tomcat initialized with port(s): 9999 (http)
2023-07-27 10:23:33.158  INFO 9476 --- [main] o.apache.catalina.core.StandardService   : Starting service [Tomcat]
2023-07-27 10:23:33.158  INFO 9476 --- [main] org.apache.catalina.core.StandardEngine  : Starting Servlet engine: [Apache Tomcat/9.0.76]
2023-07-27 10:23:33.396  INFO 9476 --- [main] o.a.c.c.C.[Tomcat].[localhost].[/]       : Initializing Spring embedded WebApplicationContext
2023-07-27 10:23:33.396  INFO 9476 --- [main] w.s.c.ServletWebServerApplicationContext : Root WebApplicationContext: initialization completed in 1341 ms
2023-07-27 10:23:33.417  INFO 9476 --- [main] com.zaxxer.hikari.HikariDataSource       : HikariPool-1 - Starting...
2023-07-27 10:23:33.556  INFO 9476 --- [main] com.zaxxer.hikari.HikariDataSource       : HikariPool-1 - Start completed.
2023-07-27 10:23:33.566  INFO 9476 --- [main] o.s.b.a.h2.H2ConsoleAutoConfiguration    : H2 console available at '/h2'. Database available at 'jdbc:h2:mem:test'
2023-07-27 10:23:58.808  INFO 9476 --- [main] o.hibernate.jpa.internal.util.LogHelper  : HHH000204: Processing PersistenceUnitInfo [name: default]
2023-07-27 10:23:58.847  INFO 9476 --- [main] org.hibernate.Version                    : HHH000412: Hibernate ORM core version 5.6.15.Final
2023-07-27 10:23:58.987  INFO 9476 --- [main] o.hibernate.annotations.common.Version   : HCANN000001: Hibernate Commons Annotations {5.1.2.Final}
2023-07-27 10:23:59.087  INFO 9476 --- [main] org.hibernate.dialect.Dialect            : HHH000400: Using dialect: org.hibernate.dialect.H2Dialect
2023-07-27 10:23:59.561  INFO 9476 --- [main] o.h.e.t.j.p.i.JtaPlatformInitiator       : HHH000490: Using JtaPlatform implementation: [org.hibernate.engine.transaction.jta.platform.internal.NoJtaPlatform]
2023-07-27 10:23:59.573  INFO 9476 --- [main] j.LocalContainerEntityManagerFactoryBean : Initialized JPA EntityManagerFactory for persistence unit 'default'
2023-07-27 10:24:00.065  WARN 9476 --- [main] JpaBaseConfiguration$JpaWebConfiguration : spring.jpa.open-in-view is enabled by default. Therefore, database queries may be performed during view rendering. Explicitly configure spring.jpa.open-in-view to disable this warning
2023-07-27 10:24:00.421  INFO 9476 --- [main] o.s.b.w.embedded.tomcat.TomcatWebServer  : Tomcat started on port(s): 9999 (http) with context path ''
2023-07-27 10:24:00.553  INFO 9476 --- [main] com.otunctan.RedisCacheAppApplication    : Started RedisCacheAppApplication in 28.889 seconds (JVM running for 29.989)
2023-07-27 10:24:00.558  INFO 9476 --- [scheduling-1] c.o.service.impl.CacheServiceImpl        : clear all cache...
2023-07-27 10:24:15.663  INFO 9476 --- [SpringApplicationShutdownHook] j.LocalContainerEntityManagerFactoryBean : Closing JPA EntityManagerFactory for persistence unit 'default'
2023-07-27 10:24:15.664  INFO 9476 --- [SpringApplicationShutdownHook] .SchemaDropperImpl$DelayedDropActionImpl : HHH000477: Starting delayed evictData of schema as part of SessionFactory shut-down'
2023-07-27 10:24:15.669  INFO 9476 --- [SpringApplicationShutdownHook] com.zaxxer.hikari.HikariDataSource       : HikariPool-1 - Shutdown initiated...
2023-07-27 10:24:15.672  INFO 9476 --- [SpringApplicationShutdownHook] com.zaxxer.hikari.HikariDataSource       : HikariPool-1 - Shutdown completed.
2023-07-27 10:24:19.190  INFO 17228 --- [main] com.otunctan.RedisCacheAppApplication    : Starting RedisCacheAppApplication using Java 1.8.0_202 on IB00C0848 with PID 17228 (C:\workspace\my-dev\redis-cache-app\target\classes started by ozay.tunctan in C:\workspace\my-dev\redis-cache-app)
2023-07-27 10:24:19.193  INFO 17228 --- [main] com.otunctan.RedisCacheAppApplication    : No active profile set, falling back to 1 default profile: "default"
2023-07-27 10:24:19.823  INFO 17228 --- [main] .s.d.r.c.RepositoryConfigurationDelegate : Multiple Spring Data modules found, entering strict repository configuration mode
2023-07-27 10:24:19.824  INFO 17228 --- [main] .s.d.r.c.RepositoryConfigurationDelegate : Bootstrapping Spring Data JPA repositories in DEFAULT mode.
2023-07-27 10:24:19.887  INFO 17228 --- [main] .s.d.r.c.RepositoryConfigurationDelegate : Finished Spring Data repository scanning in 55 ms. Found 1 JPA repository interfaces.
2023-07-27 10:24:19.902  INFO 17228 --- [main] .s.d.r.c.RepositoryConfigurationDelegate : Multiple Spring Data modules found, entering strict repository configuration mode
2023-07-27 10:24:19.903  INFO 17228 --- [main] .s.d.r.c.RepositoryConfigurationDelegate : Bootstrapping Spring Data Redis repositories in DEFAULT mode.
2023-07-27 10:24:19.918  INFO 17228 --- [main] .RepositoryConfigurationExtensionSupport : Spring Data Redis - Could not safely identify store assignment for repository candidate interface com.otunctan.repository.EmployeeRepository; If you want this repository to be a Redis repository, consider annotating your entities with one of these annotations: org.springframework.data.redis.core.RedisHash (preferred), or consider extending one of the following types with your repository: org.springframework.data.keyvalue.repository.KeyValueRepository
2023-07-27 10:24:19.919  INFO 17228 --- [main] .s.d.r.c.RepositoryConfigurationDelegate : Finished Spring Data repository scanning in 9 ms. Found 0 Redis repository interfaces.
2023-07-27 10:24:20.336  INFO 17228 --- [main] o.s.b.w.embedded.tomcat.TomcatWebServer  : Tomcat initialized with port(s): 9999 (http)
2023-07-27 10:24:20.342  INFO 17228 --- [main] o.apache.catalina.core.StandardService   : Starting service [Tomcat]
2023-07-27 10:24:20.343  INFO 17228 --- [main] org.apache.catalina.core.StandardEngine  : Starting Servlet engine: [Apache Tomcat/9.0.76]
2023-07-27 10:24:20.583  INFO 17228 --- [main] o.a.c.c.C.[Tomcat].[localhost].[/]       : Initializing Spring embedded WebApplicationContext
2023-07-27 10:24:20.584  INFO 17228 --- [main] w.s.c.ServletWebServerApplicationContext : Root WebApplicationContext: initialization completed in 1347 ms
2023-07-27 10:24:20.605  INFO 17228 --- [main] com.zaxxer.hikari.HikariDataSource       : HikariPool-1 - Starting...
2023-07-27 10:24:20.768  INFO 17228 --- [main] com.zaxxer.hikari.HikariDataSource       : HikariPool-1 - Start completed.
2023-07-27 10:24:20.778  INFO 17228 --- [main] o.s.b.a.h2.H2ConsoleAutoConfiguration    : H2 console available at '/h2'. Database available at 'jdbc:h2:mem:test'
2023-07-27 10:24:25.800  INFO 17228 --- [main] o.hibernate.jpa.internal.util.LogHelper  : HHH000204: Processing PersistenceUnitInfo [name: default]
2023-07-27 10:24:25.839  INFO 17228 --- [main] org.hibernate.Version                    : HHH000412: Hibernate ORM core version 5.6.15.Final
2023-07-27 10:24:25.977  INFO 17228 --- [main] o.hibernate.annotations.common.Version   : HCANN000001: Hibernate Commons Annotations {5.1.2.Final}
2023-07-27 10:24:26.076  INFO 17228 --- [main] org.hibernate.dialect.Dialect            : HHH000400: Using dialect: org.hibernate.dialect.H2Dialect
2023-07-27 10:24:26.578  INFO 17228 --- [main] o.h.e.t.j.p.i.JtaPlatformInitiator       : HHH000490: Using JtaPlatform implementation: [org.hibernate.engine.transaction.jta.platform.internal.NoJtaPlatform]
2023-07-27 10:24:26.588  INFO 17228 --- [main] j.LocalContainerEntityManagerFactoryBean : Initialized JPA EntityManagerFactory for persistence unit 'default'
2023-07-27 10:24:27.079  WARN 17228 --- [main] JpaBaseConfiguration$JpaWebConfiguration : spring.jpa.open-in-view is enabled by default. Therefore, database queries may be performed during view rendering. Explicitly configure spring.jpa.open-in-view to disable this warning
2023-07-27 10:24:27.545  INFO 17228 --- [main] o.s.b.w.embedded.tomcat.TomcatWebServer  : Tomcat started on port(s): 9999 (http) with context path ''
2023-07-27 10:24:27.555  INFO 17228 --- [main] com.otunctan.RedisCacheAppApplication    : Started RedisCacheAppApplication in 8.707 seconds (JVM running for 9.813)
2023-07-27 10:24:27.559  INFO 17228 --- [scheduling-1] c.o.service.impl.CacheServiceImpl        : clear all cache...
2023-07-27 10:29:44.495  INFO 17228 --- [SpringApplicationShutdownHook] j.LocalContainerEntityManagerFactoryBean : Closing JPA EntityManagerFactory for persistence unit 'default'
2023-07-27 10:29:44.497  INFO 17228 --- [SpringApplicationShutdownHook] com.zaxxer.hikari.HikariDataSource       : HikariPool-1 - Shutdown initiated...
2023-07-27 10:29:44.499  INFO 17228 --- [SpringApplicationShutdownHook] com.zaxxer.hikari.HikariDataSource       : HikariPool-1 - Shutdown completed.
2023-07-27 10:30:15.624  INFO 28736 --- [main] com.otunctan.RedisCacheAppApplication    : Starting RedisCacheAppApplication using Java 1.8.0_202 on IB00C0848 with PID 28736 (C:\workspace\my-dev\redis-cache-app\target\classes started by ozay.tunctan in C:\workspace\my-dev\redis-cache-app)
2023-07-27 10:30:15.627  INFO 28736 --- [main] com.otunctan.RedisCacheAppApplication    : No active profile set, falling back to 1 default profile: "default"
2023-07-27 10:30:16.278  INFO 28736 --- [main] .s.d.r.c.RepositoryConfigurationDelegate : Multiple Spring Data modules found, entering strict repository configuration mode
2023-07-27 10:30:16.278  INFO 28736 --- [main] .s.d.r.c.RepositoryConfigurationDelegate : Bootstrapping Spring Data JPA repositories in DEFAULT mode.
2023-07-27 10:30:16.345  INFO 28736 --- [main] .s.d.r.c.RepositoryConfigurationDelegate : Finished Spring Data repository scanning in 59 ms. Found 1 JPA repository interfaces.
2023-07-27 10:30:16.361  INFO 28736 --- [main] .s.d.r.c.RepositoryConfigurationDelegate : Multiple Spring Data modules found, entering strict repository configuration mode
2023-07-27 10:30:16.362  INFO 28736 --- [main] .s.d.r.c.RepositoryConfigurationDelegate : Bootstrapping Spring Data Redis repositories in DEFAULT mode.
2023-07-27 10:30:16.378  INFO 28736 --- [main] .RepositoryConfigurationExtensionSupport : Spring Data Redis - Could not safely identify store assignment for repository candidate interface com.otunctan.repository.EmployeeRepository; If you want this repository to be a Redis repository, consider annotating your entities with one of these annotations: org.springframework.data.redis.core.RedisHash (preferred), or consider extending one of the following types with your repository: org.springframework.data.keyvalue.repository.KeyValueRepository
2023-07-27 10:30:16.378  INFO 28736 --- [main] .s.d.r.c.RepositoryConfigurationDelegate : Finished Spring Data repository scanning in 9 ms. Found 0 Redis repository interfaces.
2023-07-27 10:30:16.793  INFO 28736 --- [main] o.s.b.w.embedded.tomcat.TomcatWebServer  : Tomcat initialized with port(s): 9999 (http)
2023-07-27 10:30:16.799  INFO 28736 --- [main] o.apache.catalina.core.StandardService   : Starting service [Tomcat]
2023-07-27 10:30:16.800  INFO 28736 --- [main] org.apache.catalina.core.StandardEngine  : Starting Servlet engine: [Apache Tomcat/9.0.76]
2023-07-27 10:30:17.040  INFO 28736 --- [main] o.a.c.c.C.[Tomcat].[localhost].[/]       : Initializing Spring embedded WebApplicationContext
2023-07-27 10:30:17.040  INFO 28736 --- [main] w.s.c.ServletWebServerApplicationContext : Root WebApplicationContext: initialization completed in 1370 ms
2023-07-27 10:30:17.061  INFO 28736 --- [main] com.zaxxer.hikari.HikariDataSource       : HikariPool-1 - Starting...
2023-07-27 10:30:17.203  INFO 28736 --- [main] com.zaxxer.hikari.HikariDataSource       : HikariPool-1 - Start completed.
2023-07-27 10:30:17.213  INFO 28736 --- [main] o.s.b.a.h2.H2ConsoleAutoConfiguration    : H2 console available at '/h2'. Database available at 'jdbc:h2:mem:test'
2023-07-27 10:30:17.348  INFO 28736 --- [main] o.hibernate.jpa.internal.util.LogHelper  : HHH000204: Processing PersistenceUnitInfo [name: default]
2023-07-27 10:30:17.390  INFO 28736 --- [main] org.hibernate.Version                    : HHH000412: Hibernate ORM core version 5.6.15.Final
2023-07-27 10:30:17.531  INFO 28736 --- [main] o.hibernate.annotations.common.Version   : HCANN000001: Hibernate Commons Annotations {5.1.2.Final}
2023-07-27 10:30:17.631  INFO 28736 --- [main] org.hibernate.dialect.Dialect            : HHH000400: Using dialect: org.hibernate.dialect.H2Dialect
2023-07-27 10:30:18.124  INFO 28736 --- [main] o.h.e.t.j.p.i.JtaPlatformInitiator       : HHH000490: Using JtaPlatform implementation: [org.hibernate.engine.transaction.jta.platform.internal.NoJtaPlatform]
2023-07-27 10:30:18.135  INFO 28736 --- [main] j.LocalContainerEntityManagerFactoryBean : Initialized JPA EntityManagerFactory for persistence unit 'default'
2023-07-27 10:30:18.628  WARN 28736 --- [main] JpaBaseConfiguration$JpaWebConfiguration : spring.jpa.open-in-view is enabled by default. Therefore, database queries may be performed during view rendering. Explicitly configure spring.jpa.open-in-view to disable this warning
2023-07-27 10:30:19.099  INFO 28736 --- [main] o.s.b.w.embedded.tomcat.TomcatWebServer  : Tomcat started on port(s): 9999 (http) with context path ''
2023-07-27 10:30:19.108  INFO 28736 --- [main] com.otunctan.RedisCacheAppApplication    : Started RedisCacheAppApplication in 3.825 seconds (JVM running for 4.926)
2023-07-27 10:30:19.112  INFO 28736 --- [scheduling-1] c.o.service.impl.CacheServiceImpl        : clear all cache...
2023-07-27 10:30:49.302  INFO 28736 --- [SpringApplicationShutdownHook] j.LocalContainerEntityManagerFactoryBean : Closing JPA EntityManagerFactory for persistence unit 'default'
2023-07-27 10:30:49.305  INFO 28736 --- [SpringApplicationShutdownHook] com.zaxxer.hikari.HikariDataSource       : HikariPool-1 - Shutdown initiated...
2023-07-27 10:30:49.306  INFO 28736 --- [SpringApplicationShutdownHook] com.zaxxer.hikari.HikariDataSource       : HikariPool-1 - Shutdown completed.
2023-07-27 10:30:54.241  INFO 12748 --- [main] com.otunctan.RedisCacheAppApplication    : Starting RedisCacheAppApplication using Java 1.8.0_202 on IB00C0848 with PID 12748 (C:\workspace\my-dev\redis-cache-app\target\classes started by ozay.tunctan in C:\workspace\my-dev\redis-cache-app)
2023-07-27 10:30:54.244  INFO 12748 --- [main] com.otunctan.RedisCacheAppApplication    : No active profile set, falling back to 1 default profile: "default"
2023-07-27 10:30:54.905  INFO 12748 --- [main] .s.d.r.c.RepositoryConfigurationDelegate : Multiple Spring Data modules found, entering strict repository configuration mode
2023-07-27 10:30:54.906  INFO 12748 --- [main] .s.d.r.c.RepositoryConfigurationDelegate : Bootstrapping Spring Data JPA repositories in DEFAULT mode.
2023-07-27 10:30:54.977  INFO 12748 --- [main] .s.d.r.c.RepositoryConfigurationDelegate : Finished Spring Data repository scanning in 62 ms. Found 1 JPA repository interfaces.
2023-07-27 10:30:54.995  INFO 12748 --- [main] .s.d.r.c.RepositoryConfigurationDelegate : Multiple Spring Data modules found, entering strict repository configuration mode
2023-07-27 10:30:54.996  INFO 12748 --- [main] .s.d.r.c.RepositoryConfigurationDelegate : Bootstrapping Spring Data Redis repositories in DEFAULT mode.
2023-07-27 10:30:55.013  INFO 12748 --- [main] .RepositoryConfigurationExtensionSupport : Spring Data Redis - Could not safely identify store assignment for repository candidate interface com.otunctan.repository.EmployeeRepository; If you want this repository to be a Redis repository, consider annotating your entities with one of these annotations: org.springframework.data.redis.core.RedisHash (preferred), or consider extending one of the following types with your repository: org.springframework.data.keyvalue.repository.KeyValueRepository
2023-07-27 10:30:55.013  INFO 12748 --- [main] .s.d.r.c.RepositoryConfigurationDelegate : Finished Spring Data repository scanning in 10 ms. Found 0 Redis repository interfaces.
2023-07-27 10:30:55.432  INFO 12748 --- [main] o.s.b.w.embedded.tomcat.TomcatWebServer  : Tomcat initialized with port(s): 9999 (http)
2023-07-27 10:30:55.438  INFO 12748 --- [main] o.apache.catalina.core.StandardService   : Starting service [Tomcat]
2023-07-27 10:30:55.438  INFO 12748 --- [main] org.apache.catalina.core.StandardEngine  : Starting Servlet engine: [Apache Tomcat/9.0.76]
2023-07-27 10:30:55.677  INFO 12748 --- [main] o.a.c.c.C.[Tomcat].[localhost].[/]       : Initializing Spring embedded WebApplicationContext
2023-07-27 10:30:55.677  INFO 12748 --- [main] w.s.c.ServletWebServerApplicationContext : Root WebApplicationContext: initialization completed in 1390 ms
2023-07-27 10:30:55.698  INFO 12748 --- [main] com.zaxxer.hikari.HikariDataSource       : HikariPool-1 - Starting...
2023-07-27 10:30:55.864  INFO 12748 --- [main] com.zaxxer.hikari.HikariDataSource       : HikariPool-1 - Start completed.
2023-07-27 10:30:55.874  INFO 12748 --- [main] o.s.b.a.h2.H2ConsoleAutoConfiguration    : H2 console available at '/h2'. Database available at 'jdbc:h2:mem:test'
2023-07-27 10:30:56.008  INFO 12748 --- [main] o.hibernate.jpa.internal.util.LogHelper  : HHH000204: Processing PersistenceUnitInfo [name: default]
2023-07-27 10:30:56.047  INFO 12748 --- [main] org.hibernate.Version                    : HHH000412: Hibernate ORM core version 5.6.15.Final
2023-07-27 10:30:56.184  INFO 12748 --- [main] o.hibernate.annotations.common.Version   : HCANN000001: Hibernate Commons Annotations {5.1.2.Final}
2023-07-27 10:30:56.284  INFO 12748 --- [main] org.hibernate.dialect.Dialect            : HHH000400: Using dialect: org.hibernate.dialect.H2Dialect
2023-07-27 10:30:56.777  INFO 12748 --- [main] o.h.e.t.j.p.i.JtaPlatformInitiator       : HHH000490: Using JtaPlatform implementation: [org.hibernate.engine.transaction.jta.platform.internal.NoJtaPlatform]
2023-07-27 10:30:56.788  INFO 12748 --- [main] j.LocalContainerEntityManagerFactoryBean : Initialized JPA EntityManagerFactory for persistence unit 'default'
2023-07-27 10:30:57.300  WARN 12748 --- [main] JpaBaseConfiguration$JpaWebConfiguration : spring.jpa.open-in-view is enabled by default. Therefore, database queries may be performed during view rendering. Explicitly configure spring.jpa.open-in-view to disable this warning
2023-07-27 10:30:57.779  INFO 12748 --- [main] o.s.b.w.embedded.tomcat.TomcatWebServer  : Tomcat started on port(s): 9999 (http) with context path ''
2023-07-27 10:30:57.792  INFO 12748 --- [main] com.otunctan.RedisCacheAppApplication    : Started RedisCacheAppApplication in 3.897 seconds (JVM running for 5.113)
2023-07-27 10:30:57.796  INFO 12748 --- [scheduling-1] c.o.service.impl.CacheServiceImpl        : clear all cache...
2023-07-27 10:31:12.473  INFO 12748 --- [SpringApplicationShutdownHook] j.LocalContainerEntityManagerFactoryBean : Closing JPA EntityManagerFactory for persistence unit 'default'
2023-07-27 10:31:12.474  INFO 12748 --- [SpringApplicationShutdownHook] com.zaxxer.hikari.HikariDataSource       : HikariPool-1 - Shutdown initiated...
2023-07-27 10:31:12.475  INFO 12748 --- [SpringApplicationShutdownHook] com.zaxxer.hikari.HikariDataSource       : HikariPool-1 - Shutdown completed.
2023-07-27 10:31:17.181  INFO 36752 --- [main] com.otunctan.RedisCacheAppApplication    : Starting RedisCacheAppApplication using Java 1.8.0_202 on IB00C0848 with PID 36752 (C:\workspace\my-dev\redis-cache-app\target\classes started by ozay.tunctan in C:\workspace\my-dev\redis-cache-app)
2023-07-27 10:31:17.183  INFO 36752 --- [main] com.otunctan.RedisCacheAppApplication    : No active profile set, falling back to 1 default profile: "default"
2023-07-27 10:31:17.832  INFO 36752 --- [main] .s.d.r.c.RepositoryConfigurationDelegate : Multiple Spring Data modules found, entering strict repository configuration mode
2023-07-27 10:31:17.832  INFO 36752 --- [main] .s.d.r.c.RepositoryConfigurationDelegate : Bootstrapping Spring Data JPA repositories in DEFAULT mode.
2023-07-27 10:31:17.899  INFO 36752 --- [main] .s.d.r.c.RepositoryConfigurationDelegate : Finished Spring Data repository scanning in 59 ms. Found 1 JPA repository interfaces.
2023-07-27 10:31:17.915  INFO 36752 --- [main] .s.d.r.c.RepositoryConfigurationDelegate : Multiple Spring Data modules found, entering strict repository configuration mode
2023-07-27 10:31:17.916  INFO 36752 --- [main] .s.d.r.c.RepositoryConfigurationDelegate : Bootstrapping Spring Data Redis repositories in DEFAULT mode.
2023-07-27 10:31:17.931  INFO 36752 --- [main] .RepositoryConfigurationExtensionSupport : Spring Data Redis - Could not safely identify store assignment for repository candidate interface com.otunctan.repository.EmployeeRepository; If you want this repository to be a Redis repository, consider annotating your entities with one of these annotations: org.springframework.data.redis.core.RedisHash (preferred), or consider extending one of the following types with your repository: org.springframework.data.keyvalue.repository.KeyValueRepository
2023-07-27 10:31:17.932  INFO 36752 --- [main] .s.d.r.c.RepositoryConfigurationDelegate : Finished Spring Data repository scanning in 9 ms. Found 0 Redis repository interfaces.
2023-07-27 10:31:18.351  INFO 36752 --- [main] o.s.b.w.embedded.tomcat.TomcatWebServer  : Tomcat initialized with port(s): 9999 (http)
2023-07-27 10:31:18.357  INFO 36752 --- [main] o.apache.catalina.core.StandardService   : Starting service [Tomcat]
2023-07-27 10:31:18.357  INFO 36752 --- [main] org.apache.catalina.core.StandardEngine  : Starting Servlet engine: [Apache Tomcat/9.0.76]
2023-07-27 10:31:18.597  INFO 36752 --- [main] o.a.c.c.C.[Tomcat].[localhost].[/]       : Initializing Spring embedded WebApplicationContext
2023-07-27 10:31:18.597  INFO 36752 --- [main] w.s.c.ServletWebServerApplicationContext : Root WebApplicationContext: initialization completed in 1368 ms
2023-07-27 10:31:18.619  INFO 36752 --- [main] com.zaxxer.hikari.HikariDataSource       : HikariPool-1 - Starting...
2023-07-27 10:31:18.782  INFO 36752 --- [main] com.zaxxer.hikari.HikariDataSource       : HikariPool-1 - Start completed.
2023-07-27 10:31:18.792  INFO 36752 --- [main] o.s.b.a.h2.H2ConsoleAutoConfiguration    : H2 console available at '/h2'. Database available at 'jdbc:h2:mem:test'
2023-07-27 10:31:18.931  INFO 36752 --- [main] o.hibernate.jpa.internal.util.LogHelper  : HHH000204: Processing PersistenceUnitInfo [name: default]
2023-07-27 10:31:18.971  INFO 36752 --- [main] org.hibernate.Version                    : HHH000412: Hibernate ORM core version 5.6.15.Final
2023-07-27 10:31:19.112  INFO 36752 --- [main] o.hibernate.annotations.common.Version   : HCANN000001: Hibernate Commons Annotations {5.1.2.Final}
2023-07-27 10:31:19.212  INFO 36752 --- [main] org.hibernate.dialect.Dialect            : HHH000400: Using dialect: org.hibernate.dialect.H2Dialect
2023-07-27 10:31:19.705  INFO 36752 --- [main] o.h.e.t.j.p.i.JtaPlatformInitiator       : HHH000490: Using JtaPlatform implementation: [org.hibernate.engine.transaction.jta.platform.internal.NoJtaPlatform]
2023-07-27 10:31:19.716  INFO 36752 --- [main] j.LocalContainerEntityManagerFactoryBean : Initialized JPA EntityManagerFactory for persistence unit 'default'
2023-07-27 10:31:20.206  WARN 36752 --- [main] JpaBaseConfiguration$JpaWebConfiguration : spring.jpa.open-in-view is enabled by default. Therefore, database queries may be performed during view rendering. Explicitly configure spring.jpa.open-in-view to disable this warning
2023-07-27 10:31:20.685  INFO 36752 --- [main] o.s.b.w.embedded.tomcat.TomcatWebServer  : Tomcat started on port(s): 9999 (http) with context path ''
2023-07-27 10:31:20.698  INFO 36752 --- [main] com.otunctan.RedisCacheAppApplication    : Started RedisCacheAppApplication in 3.873 seconds (JVM running for 4.998)
2023-07-27 10:31:20.703  INFO 36752 --- [scheduling-1] c.o.service.impl.CacheServiceImpl        : clear all cache...
2023-07-27 10:34:06.105  INFO 36752 --- [SpringApplicationShutdownHook] j.LocalContainerEntityManagerFactoryBean : Closing JPA EntityManagerFactory for persistence unit 'default'
2023-07-27 10:34:06.107  INFO 36752 --- [SpringApplicationShutdownHook] com.zaxxer.hikari.HikariDataSource       : HikariPool-1 - Shutdown initiated...
2023-07-27 10:34:06.108  INFO 36752 --- [SpringApplicationShutdownHook] com.zaxxer.hikari.HikariDataSource       : HikariPool-1 - Shutdown completed.
2023-07-27 10:34:10.947  INFO 20232 --- [main] com.otunctan.RedisCacheAppApplication    : Starting RedisCacheAppApplication using Java 1.8.0_202 on IB00C0848 with PID 20232 (C:\workspace\my-dev\redis-cache-app\target\classes started by ozay.tunctan in C:\workspace\my-dev\redis-cache-app)
2023-07-27 10:34:10.950  INFO 20232 --- [main] com.otunctan.RedisCacheAppApplication    : No active profile set, falling back to 1 default profile: "default"
2023-07-27 10:34:11.594  INFO 20232 --- [main] .s.d.r.c.RepositoryConfigurationDelegate : Multiple Spring Data modules found, entering strict repository configuration mode
2023-07-27 10:34:11.594  INFO 20232 --- [main] .s.d.r.c.RepositoryConfigurationDelegate : Bootstrapping Spring Data JPA repositories in DEFAULT mode.
2023-07-27 10:34:11.662  INFO 20232 --- [main] .s.d.r.c.RepositoryConfigurationDelegate : Finished Spring Data repository scanning in 59 ms. Found 1 JPA repository interfaces.
2023-07-27 10:34:11.677  INFO 20232 --- [main] .s.d.r.c.RepositoryConfigurationDelegate : Multiple Spring Data modules found, entering strict repository configuration mode
2023-07-27 10:34:11.678  INFO 20232 --- [main] .s.d.r.c.RepositoryConfigurationDelegate : Bootstrapping Spring Data Redis repositories in DEFAULT mode.
2023-07-27 10:34:11.694  INFO 20232 --- [main] .RepositoryConfigurationExtensionSupport : Spring Data Redis - Could not safely identify store assignment for repository candidate interface com.otunctan.repository.EmployeeRepository; If you want this repository to be a Redis repository, consider annotating your entities with one of these annotations: org.springframework.data.redis.core.RedisHash (preferred), or consider extending one of the following types with your repository: org.springframework.data.keyvalue.repository.KeyValueRepository
2023-07-27 10:34:11.694  INFO 20232 --- [main] .s.d.r.c.RepositoryConfigurationDelegate : Finished Spring Data repository scanning in 10 ms. Found 0 Redis repository interfaces.
2023-07-27 10:34:12.107  INFO 20232 --- [main] o.s.b.w.embedded.tomcat.TomcatWebServer  : Tomcat initialized with port(s): 9999 (http)
2023-07-27 10:34:12.113  INFO 20232 --- [main] o.apache.catalina.core.StandardService   : Starting service [Tomcat]
2023-07-27 10:34:12.113  INFO 20232 --- [main] org.apache.catalina.core.StandardEngine  : Starting Servlet engine: [Apache Tomcat/9.0.76]
2023-07-27 10:34:12.353  INFO 20232 --- [main] o.a.c.c.C.[Tomcat].[localhost].[/]       : Initializing Spring embedded WebApplicationContext
2023-07-27 10:34:12.354  INFO 20232 --- [main] w.s.c.ServletWebServerApplicationContext : Root WebApplicationContext: initialization completed in 1361 ms
2023-07-27 10:34:12.375  INFO 20232 --- [main] com.zaxxer.hikari.HikariDataSource       : HikariPool-1 - Starting...
2023-07-27 10:34:12.538  INFO 20232 --- [main] com.zaxxer.hikari.HikariDataSource       : HikariPool-1 - Start completed.
2023-07-27 10:34:12.548  INFO 20232 --- [main] o.s.b.a.h2.H2ConsoleAutoConfiguration    : H2 console available at '/h2'. Database available at 'jdbc:h2:mem:test'
2023-07-27 10:34:12.686  INFO 20232 --- [main] o.hibernate.jpa.internal.util.LogHelper  : HHH000204: Processing PersistenceUnitInfo [name: default]
2023-07-27 10:34:12.726  INFO 20232 --- [main] org.hibernate.Version                    : HHH000412: Hibernate ORM core version 5.6.15.Final
2023-07-27 10:34:12.862  INFO 20232 --- [main] o.hibernate.annotations.common.Version   : HCANN000001: Hibernate Commons Annotations {5.1.2.Final}
2023-07-27 10:34:12.961  INFO 20232 --- [main] org.hibernate.dialect.Dialect            : HHH000400: Using dialect: org.hibernate.dialect.H2Dialect
2023-07-27 10:34:13.451  INFO 20232 --- [main] o.h.e.t.j.p.i.JtaPlatformInitiator       : HHH000490: Using JtaPlatform implementation: [org.hibernate.engine.transaction.jta.platform.internal.NoJtaPlatform]
2023-07-27 10:34:13.461  INFO 20232 --- [main] j.LocalContainerEntityManagerFactoryBean : Initialized JPA EntityManagerFactory for persistence unit 'default'
2023-07-27 10:34:13.947  WARN 20232 --- [main] JpaBaseConfiguration$JpaWebConfiguration : spring.jpa.open-in-view is enabled by default. Therefore, database queries may be performed during view rendering. Explicitly configure spring.jpa.open-in-view to disable this warning
2023-07-27 10:34:14.413  INFO 20232 --- [main] o.s.b.w.embedded.tomcat.TomcatWebServer  : Tomcat started on port(s): 9999 (http) with context path ''
2023-07-27 10:34:14.423  INFO 20232 --- [main] com.otunctan.RedisCacheAppApplication    : Started RedisCacheAppApplication in 3.826 seconds (JVM running for 4.97)
2023-07-27 10:34:14.427  INFO 20232 --- [scheduling-1] c.o.service.impl.CacheServiceImpl        : clear all cache...
2023-07-27 10:34:58.628  WARN 20232 --- [HikariPool-1 housekeeper] com.zaxxer.hikari.pool.HikariPool        : HikariPool-1 - Thread starvation or clock leap detected (housekeeper delta=45s980ms892µs400ns).
2023-07-27 10:34:58.629  INFO 20232 --- [main] c.o.i.HibernateCustomInterceptor         : Employee entity save  
